  SourceArray.cpp
c:\users\yavka\source\repos\fmi\data structures and algorithms\project\maze solve-scaner\maze solve-scaner\sourcearray.cpp(73): warning C4018: '<': signed/unsigned mismatch
c:\users\yavka\source\repos\fmi\data structures and algorithms\project\maze solve-scaner\maze solve-scaner\sourcearray.cpp(75): warning C4018: '<': signed/unsigned mismatch
  Generating Code...
c:\users\yavka\source\repos\fmi\data structures and algorithms\project\maze solve-scaner\maze solve-scaner\sourcearray.cpp(68): warning C4715: 'np::SourceArray::getPtSource': not all control paths return a value
c:\users\yavka\source\repos\fmi\data structures and algorithms\project\maze solve-scaner\maze solve-scaner\sourcearray.cpp(63): warning C4715: 'np::SourceArray::getPtColor': not all control paths return a value
  Compiling...
  Main.cpp
c:\users\yavka\source\repos\fmi\data structures and algorithms\project\maze solve-scaner\maze builder\main.cpp(184): warning C4244: 'argument': conversion from 'time_t' to 'unsigned int', possible loss of data
  SourceArrayIterator.cpp
c:\users\yavka\source\repos\fmi\data structures and algorithms\project\maze solve-scaner\maze solve-scaner\sourcearrayiterator.cpp(10): warning C4018: '<': signed/unsigned mismatch
c:\users\yavka\source\repos\fmi\data structures and algorithms\project\maze solve-scaner\maze solve-scaner\sourcearrayiterator.cpp(11): warning C4018: '>=': signed/unsigned mismatch
c:\users\yavka\source\repos\fmi\data structures and algorithms\project\maze solve-scaner\maze solve-scaner\sourcearrayiterator.cpp(13): warning C4018: '>=': signed/unsigned mismatch
  SourceArrayConstIterator.cpp
c:\users\yavka\source\repos\fmi\data structures and algorithms\project\maze solve-scaner\maze solve-scaner\sourcearrayconstiterator.cpp(11): warning C4018: '<': signed/unsigned mismatch
c:\users\yavka\source\repos\fmi\data structures and algorithms\project\maze solve-scaner\maze solve-scaner\sourcearrayconstiterator.cpp(12): warning C4018: '>=': signed/unsigned mismatch
c:\users\yavka\source\repos\fmi\data structures and algorithms\project\maze solve-scaner\maze solve-scaner\sourcearrayconstiterator.cpp(14): warning C4018: '>=': signed/unsigned mismatch
  MazeSolver.cpp
c:\users\yavka\source\repos\fmi\data structures and algorithms\project\maze solve-scaner\maze solve-scaner\mazesolver.cpp(89): warning C4018: '<': signed/unsigned mismatch
c:\users\yavka\source\repos\fmi\data structures and algorithms\project\maze solve-scaner\maze solve-scaner\mazesolver.cpp(118): warning C4018: '<': signed/unsigned mismatch
c:\users\yavka\source\repos\fmi\data structures and algorithms\project\maze solve-scaner\maze solve-scaner\mazesolver.cpp(140): warning C4018: '<': signed/unsigned mismatch
c:\users\yavka\source\repos\fmi\data structures and algorithms\project\maze solve-scaner\maze solve-scaner\mazesolver.cpp(141): warning C4018: '<': signed/unsigned mismatch
c:\users\yavka\source\repos\fmi\data structures and algorithms\project\maze solve-scaner\maze solve-scaner\mazesolver.cpp(202): warning C4018: '<': signed/unsigned mismatch
c:\users\yavka\source\repos\fmi\data structures and algorithms\project\maze solve-scaner\maze solve-scaner\mazesolver.cpp(203): warning C4018: '<': signed/unsigned mismatch
  Generating Code...
  Maze builder.vcxproj -> C:\Users\Yavka\source\repos\FMI\Data Structures and Algorithms\Project\Maze Solve-Scaner\Debug\Maze builder.exe
  Maze builder.vcxproj -> C:\Users\Yavka\source\repos\FMI\Data Structures and Algorithms\Project\Maze Solve-Scaner\Debug\Maze builder.pdb (Partial PDB)

Project Performance Summary:
     5947 ms  C:\Users\Yavka\source\repos\FMI\Data Structures and Algorithms\Project\Maze Solve-Scaner\Maze builder\Maze builder.vcxproj   1 calls
               5947 ms  Build                                      1 calls

Target Performance Summary:
        0 ms  AfterResourceCompile                       1 calls
        0 ms  CreateCustomManifestResourceNames          1 calls
        0 ms  ComputeManifestInputsTargets               1 calls
        0 ms  ComputeLinkInputsFromProject               1 calls
        0 ms  ComputeCustomBuildOutput                   1 calls
        0 ms  ComputeManifestGeneratedLinkerInputs       1 calls
        0 ms  ComputeRCGeneratedLinkInputs               1 calls
        0 ms  ComputeRCOutputs                           1 calls
        0 ms  BeforeLink                                 1 calls
        0 ms  PrepareResourceNames                       1 calls
        0 ms  ComputeLegacyManifestEmbedding             1 calls
        0 ms  BuildCompile                               1 calls
        0 ms  _BuildCompileAction                        1 calls
        0 ms  AfterBuildCompileEvent                     1 calls
        0 ms  _ResourceCompile                           1 calls
        0 ms  MakeDirsForResourceCompile                 1 calls
        0 ms  BeforeResourceCompile                      1 calls
        0 ms  _ClCompile                                 1 calls
        0 ms  AfterClCompile                             1 calls
        0 ms  BuildLinkTraverse                          1 calls
        0 ms  ComputeLinkImportLibraryOutputsForClean    1 calls
        0 ms  AfterLink                                  1 calls
        0 ms  _Link                                      1 calls
        0 ms  AfterBuild                                 1 calls
        0 ms  BuildLink                                  1 calls
        0 ms  _BuildLinkAction                           1 calls
        0 ms  PostBuildEvent                             1 calls
        0 ms  PrepareForRun                              1 calls
        0 ms  _CheckForCompileOutputs                    1 calls
        0 ms  _CopySourceItemsToOutputDirectory          1 calls
        0 ms  GetCopyToOutputDirectoryXamlAppDefs        1 calls
        0 ms  _Deploy                                    1 calls
        0 ms  _Appverifier                               1 calls
        0 ms  CreateSatelliteAssemblies                  1 calls
        0 ms  _BscMake                                   1 calls
        0 ms  MakeDirsForBscMake                         1 calls
        0 ms  ComputeCLCompileGeneratedSbrFiles          1 calls
        0 ms  _XdcMake                                   1 calls
        0 ms  MakeDirsForXdcMake                         1 calls
        0 ms  ResolvedXDCMake                            1 calls
        0 ms  _Manifest                                  1 calls
        0 ms  _ALink                                     1 calls
        0 ms  SelectCustomBuild                          1 calls
        0 ms  _SelectedFiles                             1 calls
        0 ms  Build                                      1 calls
        0 ms  BuildGenerateSourcesTraverse               1 calls
        0 ms  GetInstalledSDKLocations                   1 calls
        0 ms  ResolveSDKReferences                       1 calls
        0 ms  ExpandSDKReferences                        1 calls
        0 ms  ResolveAssemblyReferences                  1 calls
        0 ms  AfterResolveReferences                     1 calls
        0 ms  PrepareProjectReferences                   1 calls
        0 ms  ResolveReferences                          1 calls
        0 ms  PlatformPrepareForBuild                    1 calls
        0 ms  BeforeBuildGenerateSources                 1 calls
        0 ms  PreBuildEvent                              1 calls
        0 ms  _Xsd                                       1 calls
        0 ms  MakeDirsForMidl                            1 calls
        0 ms  AfterMidl                                  1 calls
        0 ms  GetResolvedWinMD                           1 calls
        0 ms  ComputeCLInputPDBName                      1 calls
        0 ms  AfterBuildGenerateSources                  1 calls
        0 ms  AfterBuildGenerateSourcesEvent             1 calls
        0 ms  _BuildGenerateSourcesAction                1 calls
        0 ms  BuildGenerateSources                       1 calls
        0 ms  BuildCompileTraverse                       1 calls
        0 ms  BeforeClCompile                            1 calls
        0 ms  BeforeResolveReferences                    1 calls
        0 ms  _Midl                                      1 calls
        1 ms  MakeDirsForLink                            1 calls
        1 ms  Desktop_PlatformPrepareForBuild            1 calls
        1 ms  SelectClCompile                            1 calls
        1 ms  RegisterOutput                             1 calls
        1 ms  _GenerateSatelliteAssemblyInputs           1 calls
        1 ms  GetReferenceAssemblyPaths                  1 calls
        1 ms  PreLinkEvent                               1 calls
        1 ms  ComputeReferenceCLInput                    1 calls
        1 ms  ComputeMIDLGeneratedCompileInputs          1 calls
        1 ms  ComputeCLGeneratedLinkInputs               1 calls
        1 ms  GetCopyToOutputDirectoryItems              1 calls
        1 ms  DoLinkOutputFilesMatch                     1 calls
        1 ms  CopyFilesToOutputDirectory                 1 calls
        1 ms  ComputeCLCompileGeneratedXDCFiles          1 calls
        2 ms  AssignTargetPaths                          1 calls
        2 ms  ComputeCLOutputs                           1 calls
        2 ms  GetFrameworkPaths                          1 calls
        2 ms  SplitResourcesByCulture                    1 calls
        3 ms  ComputeLinkSwitches                        1 calls
        4 ms  FinalizeBuildStatus                        1 calls
        5 ms  _SplitProjectReferencesByFileExistence     1 calls
        6 ms  FixupCLCompileOptions                      1 calls
        6 ms  _PrepareForReferenceResolution             1 calls
        6 ms  MakeDirsForCl                              1 calls
        9 ms  _GetProjectReferenceTargetFrameworkProperties   1 calls
        9 ms  SetBuildDefaultEnvironmentVariables        1 calls
       10 ms  PrepareForBuild                            1 calls
       10 ms  WarnCompileDuplicatedFilename              1 calls
       12 ms  _HandlePackageFileConflicts                1 calls
       13 ms  AssignProjectConfiguration                 1 calls
       20 ms  _PrepareForBuild                           1 calls
       21 ms  ResolveProjectReferences                   1 calls
       23 ms  InitializeBuildStatus                      1 calls
       90 ms  _CheckForInvalidConfigurationAndPlatform   1 calls
      247 ms  SetCABuildNativeEnvironmentVariables       1 calls
     1283 ms  Link                                       1 calls
     4104 ms  ClCompile                                  1 calls
